<?xml version="1.0" encoding="UTF-8"?>
<!-- Generated by org.testng.reporters.JUnitReportReporter -->
<testsuite hostname="LTIN260114" failures="0" tests="2" name="testCases.TC_001_CourseraPage" time="2.919" errors="0" timestamp="2024-02-16T14:44:55 IST" skipped="0">
  <testcase classname="testCases.TC_001_CourseraPage" name="check_survey_visibility" time="2.806"/>
  <system-out/>
  <testcase classname="testCases.TC_001_CourseraPage" name="Verify_CourseraPage" time="0.113"/>
  <system-out/>
</testsuite> <!-- testCases.TC_001_CourseraPage -->
