<?xml version="1.0" encoding="UTF-8"?>
<!-- Generated by org.testng.reporters.JUnitReportReporter -->
<testsuite hostname="LTIN260114" failures="0" tests="2" name="testCases.TC_003_WebDevelopmentCourses" time="3.020" errors="0" timestamp="2024-02-16T14:44:55 IST" skipped="0">
  <testcase classname="testCases.TC_003_WebDevelopmentCourses" name="course_name" time="0.162"/>
  <system-out/>
  <testcase classname="testCases.TC_003_WebDevelopmentCourses" name="FirstTwoCourses" time="2.858"/>
  <system-out/>
</testsuite> <!-- testCases.TC_003_WebDevelopmentCourses -->
