<?xml version="1.0" encoding="UTF-8"?>
<!-- Generated by org.testng.reporters.JUnitReportReporter -->
<testsuite hostname="LTIN260114" failures="0" tests="3" name="testCases.TC_005_FormDetails" time="180.855" errors="0" timestamp="2024-02-16T14:44:55 IST" skipped="0">
  <testcase classname="testCases.TC_005_FormDetails" name="navigateToEnterprisePage" time="8.913"/>
  <system-out/>
  <testcase classname="testCases.TC_005_FormDetails" name="navigateToForm" time="155.403"/>
  <system-out/>
  <testcase classname="testCases.TC_005_FormDetails" name="FillFormDetails" time="16.539"/>
  <system-out/>
</testsuite> <!-- testCases.TC_005_FormDetails -->
