<?xml version="1.0" encoding="UTF-8"?>
<!-- Generated by org.testng.reporters.JUnitReportReporter -->
<testsuite hostname="LTIN260114" failures="0" tests="5" name="testCases.TC_002_Courses" time="19.555" errors="0" timestamp="2024-02-16T14:44:55 IST" skipped="0">
  <testcase classname="testCases.TC_002_Courses" name="verify_SearchIcon" time="0.320"/>
  <system-out/>
  <testcase classname="testCases.TC_002_Courses" name="search_courses" time="14.045"/>
  <system-out/>
  <testcase classname="testCases.TC_002_Courses" name="select_levels" time="2.272"/>
  <system-out/>
  <testcase classname="testCases.TC_002_Courses" name="select_langs" time="2.878"/>
  <system-out/>
  <testcase classname="testCases.TC_002_Courses" name="scrollUp" time="0.040"/>
  <system-out/>
</testsuite> <!-- testCases.TC_002_Courses -->
