<?xml version="1.0" encoding="UTF-8"?>
<!-- Generated by org.testng.reporters.JUnitReportReporter -->
<testsuite hostname="LTIN260114" failures="0" tests="2" name="testCases.TC_004_LanguageLearning" time="389.912" errors="0" timestamp="2024-02-16T14:44:55 IST" skipped="0">
  <testcase classname="testCases.TC_004_LanguageLearning" name="search_Language" time="4.275"/>
  <system-out/>
  <testcase classname="testCases.TC_004_LanguageLearning" name="show_FiveCourses" time="385.637"/>
  <system-out/>
</testsuite> <!-- testCases.TC_004_LanguageLearning -->
